<?xml version="1.0" encoding="UTF-8"?>
<!-- Generated by org.testng.reporters.JUnitReportReporter -->
<testsuite skipped="0" hostname="Syeds-MacBook-Pro.local" name="com.seleniumapi.TestCases" tests="1" failures="0" timestamp="03 Feb 2019 16:52:29 GMT" time="7.342" errors="0">
  <testcase name="userAbleToSearchInInputField" time="7.342" classname="com.seleniumapi.TestCases"/>
</testsuite> <!-- com.seleniumapi.TestCases -->
