<?xml version="1.0" encoding="UTF-8"?>
<!-- Generated by org.testng.reporters.JUnitReportReporter -->
<testsuite skipped="0" hostname="Syeds-MacBook-Pro.local" name="com.seleniumapi.UserAbleToValideUsernameInputField" tests="1" failures="0" timestamp="27 Jan 2019 17:09:40 GMT" time="15.714" errors="0">
  <testcase name="userAbleToValideUsernameInputField" time="15.714" classname="com.seleniumapi.UserAbleToValideUsernameInputField"/>
</testsuite> <!-- com.seleniumapi.UserAbleToValideUsernameInputField -->
